#-----------------------------------------------------------
# Vivado v2019.1 (64-bit)
# SW Build 2552052 on Fri May 24 14:49:42 MDT 2019
# IP Build 2548770 on Fri May 24 18:01:18 MDT 2019
# Start of session at: Sun Sep  8 17:01:14 2019
# Process ID: 4160
# Current directory: C:/Users/bokwoon/Documents/Lab1
# Command line: vivado.exe -gui_launcher_event rodinguilauncherevent2940 C:\Users\bokwoon\Documents\Lab1\Lab1.xpr
# Log file: C:/Users/bokwoon/Documents/Lab1/vivado.log
# Journal file: C:/Users/bokwoon/Documents/Lab1\vivado.jou
#-----------------------------------------------------------
start_gui
open_project C:/Users/bokwoon/Documents/Lab1/Lab1.xpr
Scanning sources...
Finished scanning sources
INFO: [IP_Flow 19-234] Refreshing IP repositories
INFO: [IP_Flow 19-1704] No user IP repositories specified
INFO: [IP_Flow 19-2313] Loaded Vivado IP repository 'C:/Xilinx/Vivado/2019.1/data/ip'.
open_project: Time (s): cpu = 00:00:24 ; elapsed = 00:00:11 . Memory (MB): peak = 754.445 ; gain = 120.754
update_compile_order -fileset sources_1
add_files -fileset constrs_1 -norecurse C:/Users/bokwoon/Documents/old/Nexys4_Master_Lab1.xdc
import_files -fileset constrs_1 C:/Users/bokwoon/Documents/old/Nexys4_Master_Lab1.xdc
exit
INFO: [Common 17-206] Exiting Vivado at Sun Sep  8 17:04:56 2019...
